# JRE version: Java(TM) SE Runtime Environment (8.0_181-b13) (build 1.8.0_181-b13)
# Java VM: Java HotSpot(TM) 64-Bit Server VM (25.181-b13 mixed mode windows-amd64 compressed oops)
Heap:
 PSYoungGen      total 426496K, used 249956K [0x00000000d5a00000, 0x0000000100000000, 0x0000000100000000)
  eden space 195072K, 99% used [0x00000000d5a00000,0x00000000e187fff0,0x00000000e1880000)
  from space 231424K, 23% used [0x00000000e1880000,0x00000000e4e19210,0x00000000efa80000)
  to   space 231424K, 0% used [0x00000000f1e00000,0x00000000f1e00000,0x0000000100000000)
 ParOldGen       total 1388544K, used 1367785K [0x0000000080e00000, 0x00000000d5a00000, 0x00000000d5a00000)
  object space 1388544K, 98% used [0x0000000080e00000,0x00000000d45ba430,0x00000000d5a00000)
 Metaspace       used 3255K, capacity 4494K, committed 4864K, reserved 1056768K
  class space    used 368K, capacity 386K, committed 512K, reserved 1048576K
GC Heap History (10 events):
Event: 68.706 GC heap after
Heap after GC invocations=32 (full 19):
 PSYoungGen      total 426496K, used 249956K [0x00000000d5a00000, 0x0000000100000000, 0x0000000100000000)
  eden space 195072K, 99% used [0x00000000d5a00000,0x00000000e187fff0,0x00000000e1880000)
  from space 231424K, 23% used [0x00000000e1880000,0x00000000e4e19210,0x00000000efa80000)
  to   space 231424K, 0% used [0x00000000f1e00000,0x00000000f1e00000,0x0000000100000000)
 ParOldGen       total 1388544K, used 1367775K [0x0000000080e00000, 0x00000000d5a00000, 0x00000000d5a00000)
  object space 1388544K, 98% used [0x0000000080e00000,0x00000000d45b7e30,0x00000000d5a00000)
 Metaspace       used 3255K, capacity 4494K, committed 4864K, reserved 1056768K
  class space    used 368K, capacity 386K, committed 512K, reserved 1048576K
}
Event: 68.706 GC heap before
{Heap before GC invocations=33 (full 20):
 PSYoungGen      total 426496K, used 249956K [0x00000000d5a00000, 0x0000000100000000, 0x0000000100000000)
  eden space 195072K, 99% used [0x00000000d5a00000,0x00000000e187fff0,0x00000000e1880000)
  from space 231424K, 23% used [0x00000000e1880000,0x00000000e4e19210,0x00000000efa80000)
  to   space 231424K, 0% used [0x00000000f1e00000,0x00000000f1e00000,0x0000000100000000)
 ParOldGen       total 1388544K, used 1367777K [0x0000000080e00000, 0x00000000d5a00000, 0x00000000d5a00000)
  object space 1388544K, 98% used [0x0000000080e00000,0x00000000d45b85c8,0x00000000d5a00000)
 Metaspace       used 3255K, capacity 4494K, committed 4864K, reserved 1056768K
  class space    used 368K, capacity 386K, committed 512K, reserved 1048576K
Event: 72.109 GC heap after
Heap after GC invocations=33 (full 20):
 PSYoungGen      total 426496K, used 249956K [0x00000000d5a00000, 0x0000000100000000, 0x0000000100000000)
  eden space 195072K, 99% used [0x00000000d5a00000,0x00000000e187fff0,0x00000000e1880000)
  from space 231424K, 23% used [0x00000000e1880000,0x00000000e4e19210,0x00000000efa80000)
  to   space 231424K, 0% used [0x00000000f1e00000,0x00000000f1e00000,0x0000000100000000)
 ParOldGen       total 1388544K, used 1367777K [0x0000000080e00000, 0x00000000d5a00000, 0x00000000d5a00000)
  object space 1388544K, 98% used [0x0000000080e00000,0x00000000d45b85c8,0x00000000d5a00000)
 Metaspace       used 3255K, capacity 4494K, committed 4864K, reserved 1056768K
  class space    used 368K, capacity 386K, committed 512K, reserved 1048576K
}
Event: 72.109 GC heap before
{Heap before GC invocations=34 (full 21):
 PSYoungGen      total 426496K, used 249956K [0x00000000d5a00000, 0x0000000100000000, 0x0000000100000000)
  eden space 195072K, 99% used [0x00000000d5a00000,0x00000000e187fff0,0x00000000e1880000)
  from space 231424K, 23% used [0x00000000e1880000,0x00000000e4e19210,0x00000000efa80000)
  to   space 231424K, 0% used [0x00000000f1e00000,0x00000000f1e00000,0x0000000100000000)
 ParOldGen       total 1388544K, used 1367779K [0x0000000080e00000, 0x00000000d5a00000, 0x00000000d5a00000)
  object space 1388544K, 98% used [0x0000000080e00000,0x00000000d45b8d68,0x00000000d5a00000)
 Metaspace       used 3255K, capacity 4494K, committed 4864K, reserved 1056768K
  class space    used 368K, capacity 386K, committed 512K, reserved 1048576K
Event: 75.534 GC heap after
Heap after GC invocations=34 (full 21):
 PSYoungGen      total 426496K, used 249956K [0x00000000d5a00000, 0x0000000100000000, 0x0000000100000000)
  eden space 195072K, 99% used [0x00000000d5a00000,0x00000000e187fff0,0x00000000e1880000)
  from space 231424K, 23% used [0x00000000e1880000,0x00000000e4e19210,0x00000000efa80000)
  to   space 231424K, 0% used [0x00000000f1e00000,0x00000000f1e00000,0x0000000100000000)
 ParOldGen       total 1388544K, used 1367779K [0x0000000080e00000, 0x00000000d5a00000, 0x00000000d5a00000)
  object space 1388544K, 98% used [0x0000000080e00000,0x00000000d45b8d68,0x00000000d5a00000)
 Metaspace       used 3255K, capacity 4494K, committed 4864K, reserved 1056768K
  class space    used 368K, capacity 386K, committed 512K, reserved 1048576K
}
Event: 75.534 GC heap before
{Heap before GC invocations=35 (full 22):
 PSYoungGen      total 426496K, used 249956K [0x00000000d5a00000, 0x0000000100000000, 0x0000000100000000)
  eden space 195072K, 99% used [0x00000000d5a00000,0x00000000e187fff0,0x00000000e1880000)
  from space 231424K, 23% used [0x00000000e1880000,0x00000000e4e19210,0x00000000efa80000)
  to   space 231424K, 0% used [0x00000000f1e00000,0x00000000f1e00000,0x0000000100000000)
 ParOldGen       total 1388544K, used 1367781K [0x0000000080e00000, 0x00000000d5a00000, 0x00000000d5a00000)
  object space 1388544K, 98% used [0x0000000080e00000,0x00000000d45b94f8,0x00000000d5a00000)
 Metaspace       used 3255K, capacity 4494K, committed 4864K, reserved 1056768K
  class space    used 368K, capacity 386K, committed 512K, reserved 1048576K
Event: 78.940 GC heap after
Heap after GC invocations=35 (full 22):
 PSYoungGen      total 426496K, used 249956K [0x00000000d5a00000, 0x0000000100000000, 0x0000000100000000)
  eden space 195072K, 99% used [0x00000000d5a00000,0x00000000e187fff0,0x00000000e1880000)
  from space 231424K, 23% used [0x00000000e1880000,0x00000000e4e19210,0x00000000efa80000)
  to   space 231424K, 0% used [0x00000000f1e00000,0x00000000f1e00000,0x0000000100000000)
 ParOldGen       total 1388544K, used 1367781K [0x0000000080e00000, 0x00000000d5a00000, 0x00000000d5a00000)
  object space 1388544K, 98% used [0x0000000080e00000,0x00000000d45b94f8,0x00000000d5a00000)
 Metaspace       used 3255K, capacity 4494K, committed 4864K, reserved 1056768K
  class space    used 368K, capacity 386K, committed 512K, reserved 1048576K
}
Event: 78.941 GC heap before
{Heap before GC invocations=36 (full 23):
 PSYoungGen      total 426496K, used 249956K [0x00000000d5a00000, 0x0000000100000000, 0x0000000100000000)
  eden space 195072K, 99% used [0x00000000d5a00000,0x00000000e187fff0,0x00000000e1880000)
  from space 231424K, 23% used [0x00000000e1880000,0x00000000e4e19210,0x00000000efa80000)
  to   space 231424K, 0% used [0x00000000f1e00000,0x00000000f1e00000,0x0000000100000000)
 ParOldGen       total 1388544K, used 1367783K [0x0000000080e00000, 0x00000000d5a00000, 0x00000000d5a00000)
  object space 1388544K, 98% used [0x0000000080e00000,0x00000000d45b9c90,0x00000000d5a00000)
 Metaspace       used 3255K, capacity 4494K, committed 4864K, reserved 1056768K
  class space    used 368K, capacity 386K, committed 512K, reserved 1048576K
Event: 82.422 GC heap after
Heap after GC invocations=36 (full 23):
 PSYoungGen      total 426496K, used 249956K [0x00000000d5a00000, 0x0000000100000000, 0x0000000100000000)
  eden space 195072K, 99% used [0x00000000d5a00000,0x00000000e187fff0,0x00000000e1880000)
  from space 231424K, 23% used [0x00000000e1880000,0x00000000e4e19210,0x00000000efa80000)
  to   space 231424K, 0% used [0x00000000f1e00000,0x00000000f1e00000,0x0000000100000000)
 ParOldGen       total 1388544K, used 1367783K [0x0000000080e00000, 0x00000000d5a00000, 0x00000000d5a00000)
  object space 1388544K, 98% used [0x0000000080e00000,0x00000000d45b9c90,0x00000000d5a00000)
 Metaspace       used 3255K, capacity 4494K, committed 4864K, reserved 1056768K
  class space    used 368K, capacity 386K, committed 512K, reserved 1048576K
}
Event: 82.422 GC heap before
{Heap before GC invocations=37 (full 24):
 PSYoungGen      total 426496K, used 249956K [0x00000000d5a00000, 0x0000000100000000, 0x0000000100000000)
  eden space 195072K, 99% used [0x00000000d5a00000,0x00000000e187fff0,0x00000000e1880000)
  from space 231424K, 23% used [0x00000000e1880000,0x00000000e4e19210,0x00000000efa80000)
  to   space 231424K, 0% used [0x00000000f1e00000,0x00000000f1e00000,0x0000000100000000)
 ParOldGen       total 1388544K, used 1367785K [0x0000000080e00000, 0x00000000d5a00000, 0x00000000d5a00000)
  object space 1388544K, 98% used [0x0000000080e00000,0x00000000d45ba430,0x00000000d5a00000)
 Metaspace       used 3255K, capacity 4494K, committed 4864K, reserved 1056768K
  class space    used 368K, capacity 386K, committed 512K, reserved 1048576K

